<?xml version="1.0" encoding="UTF-8"?>
<testng-results ignored="0" total="12" passed="10" failed="2" skipped="0">
  <reporter-output>
  </reporter-output>
  <suite started-at="2024-11-19T15:36:44 IST" name="Default suite" finished-at="2024-11-19T15:51:29 IST" duration-ms="884562">
    <groups>
    </groups>
    <test started-at="2024-11-19T15:36:44 IST" name="Default test" finished-at="2024-11-19T15:51:29 IST" duration-ms="884562">
      <class name="com.testing.TestRunner">
        <test-method is-config="true" signature="load_Properties()[pri:0, instance:com.testing.TestRunner@3e7dd664]" started-at="2024-11-19T15:36:44 IST" name="load_Properties" finished-at="2024-11-19T15:36:44 IST" duration-ms="21" status="PASS">
          <reporter-output>
          </reporter-output>
        </test-method> <!-- load_Properties -->
        <test-method is-config="true" signature="ApiRunner()[pri:0, instance:com.testing.TestRunner@3e7dd664]" started-at="2024-11-19T15:36:44 IST" name="ApiRunner" finished-at="2024-11-19T15:37:12 IST" depends-on-methods="com.testing.TestRunner.load_Properties" duration-ms="27759" status="PASS">
          <reporter-output>
          </reporter-output>
        </test-method> <!-- ApiRunner -->
        <test-method signature="signupCustomer()[pri:1, instance:com.testing.TestRunner@3e7dd664]" started-at="2024-11-19T15:37:12 IST" name="signupCustomer" finished-at="2024-11-19T15:39:42 IST" duration-ms="149705" status="PASS">
          <reporter-output>
          </reporter-output>
        </test-method> <!-- signupCustomer -->
        <test-method signature="Clear_Cache()[pri:2, instance:com.testing.TestRunner@3e7dd664]" started-at="2024-11-19T15:39:42 IST" name="Clear_Cache" finished-at="2024-11-19T15:39:51 IST" duration-ms="9575" status="PASS">
          <reporter-output>
          </reporter-output>
        </test-method> <!-- Clear_Cache -->
        <test-method signature="AdminLogin()[pri:3, instance:com.testing.TestRunner@3e7dd664]" started-at="2024-11-19T15:39:51 IST" name="AdminLogin" finished-at="2024-11-19T15:39:58 IST" duration-ms="6581" status="FAIL">
          <exception class="org.openqa.selenium.StaleElementReferenceException">
            <message>
              <![CDATA[androidx.test.uiautomator.StaleObjectException
For documentation on this error, please visit: https://www.selenium.dev/documentation/webdriver/troubleshooting/errors#stale-element-reference-exception
Build info: version: '4.26.0', revision: '8ccf0219d7'
System info: os.name: 'Windows 11', os.arch: 'amd64', os.version: '10.0', java.version: '21.0.1'
Driver info: io.appium.java_client.android.AndroidDriver
Command: [8e85dcae-fa56-4c23-89bf-dde7d18125e2, isElementDisplayed {id=00000000-0000-007c-0000-001100000004}]
Capabilities {appium:appActivity: com.petcaretechnologies.app..., appium:appPackage: com.petcaretechnologies.app, appium:automationName: UiAutomator2, appium:databaseEnabled: false, appium:desired: {appActivity: com.petcaretechnologies.app..., appPackage: com.petcaretechnologies.app, automationName: UiAutomator2, deviceName: Pixel 6 Pro API 33, fullReset: false, newCommandTimeout: 100000, noReset: true, platformName: ANDROID, platformVersion: 13.0}, appium:deviceApiLevel: 33, appium:deviceManufacturer: Google, appium:deviceModel: sdk_gphone64_x86_64, appium:deviceName: emulator-5554, appium:deviceScreenDensity: 560, appium:deviceScreenSize: 1440x3120, appium:deviceUDID: emulator-5554, appium:fullReset: false, appium:javascriptEnabled: true, appium:locationContextEnabled: false, appium:networkConnectionEnabled: true, appium:newCommandTimeout: 100000, appium:noReset: true, appium:pixelRatio: 3.5, appium:platformVersion: 13, appium:statBarHeight: 84, appium:takesScreenshot: true, appium:viewportRect: {height: 3036, left: 0, top: 84, width: 1440}, appium:warnings: {}, appium:webStorageEnabled: false, platformName: ANDROID}
Element: [[AndroidDriver:  on ANDROID (8e85dcae-fa56-4c23-89bf-dde7d18125e2)] -> xpath: //android.widget.EditText[@hint='Continue with email']]
Session ID: 8e85dcae-fa56-4c23-89bf-dde7d18125e2]]>
            </message>
            <full-stacktrace>
              <![CDATA[org.openqa.selenium.StaleElementReferenceException: androidx.test.uiautomator.StaleObjectException
For documentation on this error, please visit: https://www.selenium.dev/documentation/webdriver/troubleshooting/errors#stale-element-reference-exception
Build info: version: '4.26.0', revision: '8ccf0219d7'
System info: os.name: 'Windows 11', os.arch: 'amd64', os.version: '10.0', java.version: '21.0.1'
Driver info: io.appium.java_client.android.AndroidDriver
Command: [8e85dcae-fa56-4c23-89bf-dde7d18125e2, isElementDisplayed {id=00000000-0000-007c-0000-001100000004}]
Capabilities {appium:appActivity: com.petcaretechnologies.app..., appium:appPackage: com.petcaretechnologies.app, appium:automationName: UiAutomator2, appium:databaseEnabled: false, appium:desired: {appActivity: com.petcaretechnologies.app..., appPackage: com.petcaretechnologies.app, automationName: UiAutomator2, deviceName: Pixel 6 Pro API 33, fullReset: false, newCommandTimeout: 100000, noReset: true, platformName: ANDROID, platformVersion: 13.0}, appium:deviceApiLevel: 33, appium:deviceManufacturer: Google, appium:deviceModel: sdk_gphone64_x86_64, appium:deviceName: emulator-5554, appium:deviceScreenDensity: 560, appium:deviceScreenSize: 1440x3120, appium:deviceUDID: emulator-5554, appium:fullReset: false, appium:javascriptEnabled: true, appium:locationContextEnabled: false, appium:networkConnectionEnabled: true, appium:newCommandTimeout: 100000, appium:noReset: true, appium:pixelRatio: 3.5, appium:platformVersion: 13, appium:statBarHeight: 84, appium:takesScreenshot: true, appium:viewportRect: {height: 3036, left: 0, top: 84, width: 1440}, appium:warnings: {}, appium:webStorageEnabled: false, platformName: ANDROID}
Element: [[AndroidDriver:  on ANDROID (8e85dcae-fa56-4c23-89bf-dde7d18125e2)] -> xpath: //android.widget.EditText[@hint='Continue with email']]
Session ID: 8e85dcae-fa56-4c23-89bf-dde7d18125e2
at java.base/jdk.internal.reflect.DirectConstructorHandleAccessor.newInstance(DirectConstructorHandleAccessor.java:62)
at java.base/java.lang.reflect.Constructor.newInstanceWithCaller(Constructor.java:502)
at java.base/java.lang.reflect.Constructor.newInstance(Constructor.java:486)
at org.openqa.selenium.remote.ErrorCodec.decode(ErrorCodec.java:167)
at org.openqa.selenium.remote.codec.w3c.W3CHttpResponseCodec.decode(W3CHttpResponseCodec.java:138)
at org.openqa.selenium.remote.codec.w3c.W3CHttpResponseCodec.decode(W3CHttpResponseCodec.java:50)
at org.openqa.selenium.remote.HttpCommandExecutor.execute(HttpCommandExecutor.java:190)
at io.appium.java_client.remote.AppiumCommandExecutor.execute(AppiumCommandExecutor.java:237)
at org.openqa.selenium.remote.RemoteWebDriver.execute(RemoteWebDriver.java:545)
at org.openqa.selenium.remote.RemoteWebElement.execute(RemoteWebElement.java:223)
at org.openqa.selenium.remote.RemoteWebElement.isDisplayed(RemoteWebElement.java:282)
at java.base/jdk.internal.reflect.DirectMethodHandleAccessor.invoke(DirectMethodHandleAccessor.java:103)
at java.base/java.lang.reflect.Method.invoke(Method.java:580)
at org.openqa.selenium.support.pagefactory.internal.LocatingElementHandler.invoke(LocatingElementHandler.java:51)
at jdk.proxy2/jdk.proxy2.$Proxy21.isDisplayed(Unknown Source)
at org.openqa.selenium.support.ui.ExpectedConditions.elementIfVisible(ExpectedConditions.java:304)
at org.openqa.selenium.support.ui.ExpectedConditions$10.apply(ExpectedConditions.java:290)
at org.openqa.selenium.support.ui.ExpectedConditions$10.apply(ExpectedConditions.java:287)
at org.openqa.selenium.support.ui.ExpectedConditions$23.apply(ExpectedConditions.java:656)
at org.openqa.selenium.support.ui.ExpectedConditions$23.apply(ExpectedConditions.java:652)
at org.openqa.selenium.support.ui.FluentWait.until(FluentWait.java:203)
at com.baseClass.Base.ClickonElement(Base.java:137)
at com.frontend.Login_Details.login_Admin(Login_Details.java:54)
at com.testing.TestRunner.AdminLogin(TestRunner.java:66)
at java.base/jdk.internal.reflect.DirectMethodHandleAccessor.invoke(DirectMethodHandleAccessor.java:103)
at java.base/java.lang.reflect.Method.invoke(Method.java:580)
at org.testng.internal.invokers.MethodInvocationHelper.invokeMethod(MethodInvocationHelper.java:139)
at org.testng.internal.invokers.TestInvoker.invokeMethod(TestInvoker.java:664)
at org.testng.internal.invokers.TestInvoker.invokeTestMethod(TestInvoker.java:228)
at org.testng.internal.invokers.MethodRunner.runInSequence(MethodRunner.java:63)
at org.testng.internal.invokers.TestInvoker$MethodInvocationAgent.invoke(TestInvoker.java:961)
at org.testng.internal.invokers.TestInvoker.invokeTestMethods(TestInvoker.java:201)
at org.testng.internal.invokers.TestMethodWorker.invokeTestMethods(TestMethodWorker.java:148)
at org.testng.internal.invokers.TestMethodWorker.run(TestMethodWorker.java:128)
at java.base/java.util.ArrayList.forEach(ArrayList.java:1596)
at org.testng.TestRunner.privateRun(TestRunner.java:819)
at org.testng.TestRunner.run(TestRunner.java:619)
at org.testng.SuiteRunner.runTest(SuiteRunner.java:443)
at org.testng.SuiteRunner.runSequentially(SuiteRunner.java:437)
at org.testng.SuiteRunner.privateRun(SuiteRunner.java:397)
at org.testng.SuiteRunner.run(SuiteRunner.java:336)
at org.testng.SuiteRunnerWorker.runSuite(SuiteRunnerWorker.java:52)
at org.testng.SuiteRunnerWorker.run(SuiteRunnerWorker.java:95)
at org.testng.TestNG.runSuitesSequentially(TestNG.java:1301)
at org.testng.TestNG.runSuitesLocally(TestNG.java:1228)
at org.testng.TestNG.runSuites(TestNG.java:1134)
at org.testng.TestNG.run(TestNG.java:1101)
at org.testng.remote.AbstractRemoteTestNG.run(AbstractRemoteTestNG.java:115)
at org.testng.remote.RemoteTestNG.initAndRun(RemoteTestNG.java:293)
at org.testng.remote.RemoteTestNG.main(RemoteTestNG.java:91)
]]>
            </full-stacktrace>
          </exception> <!-- org.openqa.selenium.StaleElementReferenceException -->
          <reporter-output>
          </reporter-output>
        </test-method> <!-- AdminLogin -->
        <test-method signature="NewUserApproval()[pri:4, instance:com.testing.TestRunner@3e7dd664]" started-at="2024-11-19T15:39:58 IST" name="NewUserApproval" finished-at="2024-11-19T15:41:24 IST" duration-ms="85468" status="PASS">
          <reporter-output>
          </reporter-output>
        </test-method> <!-- NewUserApproval -->
        <test-method signature="CreateAdmin()[pri:5, instance:com.testing.TestRunner@3e7dd664]" started-at="2024-11-19T15:41:24 IST" name="CreateAdmin" finished-at="2024-11-19T15:42:11 IST" duration-ms="47230" status="PASS">
          <reporter-output>
          </reporter-output>
        </test-method> <!-- CreateAdmin -->
        <test-method signature="CreateStaff()[pri:6, instance:com.testing.TestRunner@3e7dd664]" started-at="2024-11-19T15:42:11 IST" name="CreateStaff" finished-at="2024-11-19T15:42:59 IST" duration-ms="48040" status="PASS">
          <reporter-output>
          </reporter-output>
        </test-method> <!-- CreateStaff -->
        <test-method signature="CreateTag()[pri:7, instance:com.testing.TestRunner@3e7dd664]" started-at="2024-11-19T15:42:59 IST" name="CreateTag" finished-at="2024-11-19T15:43:37 IST" duration-ms="38194" status="PASS">
          <reporter-output>
          </reporter-output>
        </test-method> <!-- CreateTag -->
        <test-method signature="CreateSlot()[pri:8, instance:com.testing.TestRunner@3e7dd664]" started-at="2024-11-19T15:43:37 IST" name="CreateSlot" finished-at="2024-11-19T15:44:41 IST" duration-ms="64065" status="PASS">
          <reporter-output>
          </reporter-output>
        </test-method> <!-- CreateSlot -->
        <test-method signature="ServiceCreation()[pri:9, instance:com.testing.TestRunner@3e7dd664]" started-at="2024-11-19T15:44:41 IST" name="ServiceCreation" finished-at="2024-11-19T15:47:29 IST" duration-ms="168318" status="PASS">
          <reporter-output>
          </reporter-output>
        </test-method> <!-- ServiceCreation -->
        <test-method signature="Logout_Admin()[pri:10, instance:com.testing.TestRunner@3e7dd664]" started-at="2024-11-19T15:47:29 IST" name="Logout_Admin" finished-at="2024-11-19T15:47:31 IST" duration-ms="1980" status="PASS">
          <reporter-output>
          </reporter-output>
        </test-method> <!-- Logout_Admin -->
        <test-method signature="Login_PredefinedCustomer()[pri:11, instance:com.testing.TestRunner@3e7dd664]" started-at="2024-11-19T15:47:31 IST" name="Login_PredefinedCustomer" finished-at="2024-11-19T15:47:41 IST" duration-ms="9598" status="PASS">
          <reporter-output>
          </reporter-output>
        </test-method> <!-- Login_PredefinedCustomer -->
        <test-method signature="BookingFlowCustomer()[pri:12, instance:com.testing.TestRunner@3e7dd664]" started-at="2024-11-19T15:47:41 IST" name="BookingFlowCustomer" finished-at="2024-11-19T15:51:29 IST" duration-ms="227844" status="FAIL">
          <exception class="org.openqa.selenium.TimeoutException">
            <message>
              <![CDATA[Expected condition failed: waiting for element to be clickable: Proxy element for: DefaultElementLocator 'By.xpath: //android.view.View[@content-desc="Booking Request Successful!"]' (tried for 120 second(s) with 500 milliseconds interval)]]>
            </message>
            <full-stacktrace>
              <![CDATA[org.openqa.selenium.TimeoutException: Expected condition failed: waiting for element to be clickable: Proxy element for: DefaultElementLocator 'By.xpath: //android.view.View[@content-desc="Booking Request Successful!"]' (tried for 120 second(s) with 500 milliseconds interval)
at org.openqa.selenium.support.ui.WebDriverWait.timeoutException(WebDriverWait.java:84)
at org.openqa.selenium.support.ui.FluentWait.until(FluentWait.java:228)
at com.baseClass.Base.waitForElement(Base.java:155)
at com.frontend.Customer_Bookingflow.BookingSuccessfullPage(Customer_Bookingflow.java:167)
at com.testing.TestRunner.BookingFlowCustomer(TestRunner.java:141)
at java.base/jdk.internal.reflect.DirectMethodHandleAccessor.invoke(DirectMethodHandleAccessor.java:103)
at java.base/java.lang.reflect.Method.invoke(Method.java:580)
at org.testng.internal.invokers.MethodInvocationHelper.invokeMethod(MethodInvocationHelper.java:139)
at org.testng.internal.invokers.TestInvoker.invokeMethod(TestInvoker.java:664)
at org.testng.internal.invokers.TestInvoker.invokeTestMethod(TestInvoker.java:228)
at org.testng.internal.invokers.MethodRunner.runInSequence(MethodRunner.java:63)
at org.testng.internal.invokers.TestInvoker$MethodInvocationAgent.invoke(TestInvoker.java:961)
at org.testng.internal.invokers.TestInvoker.invokeTestMethods(TestInvoker.java:201)
at org.testng.internal.invokers.TestMethodWorker.invokeTestMethods(TestMethodWorker.java:148)
at org.testng.internal.invokers.TestMethodWorker.run(TestMethodWorker.java:128)
at java.base/java.util.ArrayList.forEach(ArrayList.java:1596)
at org.testng.TestRunner.privateRun(TestRunner.java:819)
at org.testng.TestRunner.run(TestRunner.java:619)
at org.testng.SuiteRunner.runTest(SuiteRunner.java:443)
at org.testng.SuiteRunner.runSequentially(SuiteRunner.java:437)
at org.testng.SuiteRunner.privateRun(SuiteRunner.java:397)
at org.testng.SuiteRunner.run(SuiteRunner.java:336)
at org.testng.SuiteRunnerWorker.runSuite(SuiteRunnerWorker.java:52)
at org.testng.SuiteRunnerWorker.run(SuiteRunnerWorker.java:95)
at org.testng.TestNG.runSuitesSequentially(TestNG.java:1301)
at org.testng.TestNG.runSuitesLocally(TestNG.java:1228)
at org.testng.TestNG.runSuites(TestNG.java:1134)
at org.testng.TestNG.run(TestNG.java:1101)
at org.testng.remote.AbstractRemoteTestNG.run(AbstractRemoteTestNG.java:115)
at org.testng.remote.RemoteTestNG.initAndRun(RemoteTestNG.java:293)
at org.testng.remote.RemoteTestNG.main(RemoteTestNG.java:91)
Caused by: org.openqa.selenium.NoSuchElementException: An element could not be located on the page using the given search parameters.
For documentation on this error, please visit: https://www.selenium.dev/documentation/webdriver/troubleshooting/errors#no-such-element-exception
Build info: version: '4.26.0', revision: '8ccf0219d7'
System info: os.name: 'Windows 11', os.arch: 'amd64', os.version: '10.0', java.version: '21.0.1'
Driver info: io.appium.java_client.android.AndroidDriver
Command: [8e85dcae-fa56-4c23-89bf-dde7d18125e2, findElement {using=xpath, value=//android.view.View[@content-desc="Booking Request Successful!"]}]
Capabilities {appium:appActivity: com.petcaretechnologies.app..., appium:appPackage: com.petcaretechnologies.app, appium:automationName: UiAutomator2, appium:databaseEnabled: false, appium:desired: {appActivity: com.petcaretechnologies.app..., appPackage: com.petcaretechnologies.app, automationName: UiAutomator2, deviceName: Pixel 6 Pro API 33, fullReset: false, newCommandTimeout: 100000, noReset: true, platformName: ANDROID, platformVersion: 13.0}, appium:deviceApiLevel: 33, appium:deviceManufacturer: Google, appium:deviceModel: sdk_gphone64_x86_64, appium:deviceName: emulator-5554, appium:deviceScreenDensity: 560, appium:deviceScreenSize: 1440x3120, appium:deviceUDID: emulator-5554, appium:fullReset: false, appium:javascriptEnabled: true, appium:locationContextEnabled: false, appium:networkConnectionEnabled: true, appium:newCommandTimeout: 100000, appium:noReset: true, appium:pixelRatio: 3.5, appium:platformVersion: 13, appium:statBarHeight: 84, appium:takesScreenshot: true, appium:viewportRect: {height: 3036, left: 0, top: 84, width: 1440}, appium:warnings: {}, appium:webStorageEnabled: false, platformName: ANDROID}
Session ID: 8e85dcae-fa56-4c23-89bf-dde7d18125e2
at java.base/jdk.internal.reflect.DirectConstructorHandleAccessor.newInstance(DirectConstructorHandleAccessor.java:62)
at java.base/java.lang.reflect.Constructor.newInstanceWithCaller(Constructor.java:502)
at java.base/java.lang.reflect.Constructor.newInstance(Constructor.java:486)
at org.openqa.selenium.remote.ErrorCodec.decode(ErrorCodec.java:167)
at org.openqa.selenium.remote.codec.w3c.W3CHttpResponseCodec.decode(W3CHttpResponseCodec.java:138)
at org.openqa.selenium.remote.codec.w3c.W3CHttpResponseCodec.decode(W3CHttpResponseCodec.java:50)
at org.openqa.selenium.remote.HttpCommandExecutor.execute(HttpCommandExecutor.java:190)
at io.appium.java_client.remote.AppiumCommandExecutor.execute(AppiumCommandExecutor.java:237)
at org.openqa.selenium.remote.RemoteWebDriver.execute(RemoteWebDriver.java:545)
at org.openqa.selenium.remote.ElementLocation$ElementFinder$2.findElement(ElementLocation.java:165)
at org.openqa.selenium.remote.ElementLocation.findElement(ElementLocation.java:59)
at org.openqa.selenium.remote.RemoteWebDriver.findElement(RemoteWebDriver.java:368)
at org.openqa.selenium.remote.RemoteWebDriver.findElement(RemoteWebDriver.java:362)
at org.openqa.selenium.support.pagefactory.DefaultElementLocator.findElement(DefaultElementLocator.java:68)
at org.openqa.selenium.support.pagefactory.internal.LocatingElementHandler.invoke(LocatingElementHandler.java:38)
at jdk.proxy2/jdk.proxy2.$Proxy21.isDisplayed(Unknown Source)
at org.openqa.selenium.support.ui.ExpectedConditions.elementIfVisible(ExpectedConditions.java:304)
at org.openqa.selenium.support.ui.ExpectedConditions$10.apply(ExpectedConditions.java:290)
at org.openqa.selenium.support.ui.ExpectedConditions$10.apply(ExpectedConditions.java:287)
at org.openqa.selenium.support.ui.ExpectedConditions$23.apply(ExpectedConditions.java:656)
at org.openqa.selenium.support.ui.ExpectedConditions$23.apply(ExpectedConditions.java:652)
at org.openqa.selenium.support.ui.FluentWait.until(FluentWait.java:203)
... 29 more
]]>
            </full-stacktrace>
          </exception> <!-- org.openqa.selenium.TimeoutException -->
          <reporter-output>
          </reporter-output>
        </test-method> <!-- BookingFlowCustomer -->
      </class> <!-- com.testing.TestRunner -->
    </test> <!-- Default test -->
  </suite> <!-- Default suite -->
</testng-results>
